<?xml version="1.0" encoding="UTF-8"?>
<!-- Generated by org.testng.reporters.JUnitXMLReporter -->
<testsuite hostname="DESKTOP-42B8VHB" ignored="0" name="Test" tests="14" failures="1" timestamp="2020-04-15T15:08:47 EDT" time="0.105" errors="0">
  <testcase name="ploan" time="0.005" classname="MavenTutorial.Demo2Test"/>
  <testcase name="LoginApiCarloan" time="0.002" classname="MavenTutorial.Demo3Test"/>
  <testcase name="MobileLogicCarLoan" time="0.001" classname="MavenTutorial.Demo3Test"/>
  <testcase name="MobileLogicCarLoan" time="0.0" classname="MavenTutorial.Demo3Test"/>
  <testcase name="MobileLogicCarLoan" time="0.001" classname="MavenTutorial.Demo3Test"/>
  <testcase name="MobileSignInCarLoan" time="0.0" classname="MavenTutorial.Demo3Test"/>
  <testcase name="MobileSignOutCarLoan" time="0.004" classname="MavenTutorial.Demo3Test"/>
  <testcase name="MobileloginCarLoan" time="0.001" classname="MavenTutorial.Demo3Test"/>
  <testcase name="WebloginCarLoan" time="0.0" classname="MavenTutorial.Demo3Test">
    <failure type="org.testng.TestNGException" message="
Parameter &amp;apos;URL&amp;apos; is required by @Test on method WebloginCarLoan but has not been marked @Optional or defined
in C:\Users\anwar\MavenProject\testngd3.xml">
      <![CDATA[org.testng.TestNGException: 
Parameter 'URL' is required by @Test on method WebloginCarLoan but has not been marked @Optional or defined
in C:\Users\anwar\MavenProject\testngd3.xml
at java.util.ArrayList.forEach(Unknown Source)
... Removed 26 stack frames]]>
    </failure>
  </testcase> <!-- WebloginCarLoan -->
  <testcase name="LoginApiHomeloan" time="0.002" classname="MavenTutorial.Demo4Test"/>
  <testcase name="MobileLogicHomeLoan" time="0.001" classname="MavenTutorial.Demo4Test"/>
  <testcase name="WebloginHomeLoan" time="0.001" classname="MavenTutorial.Demo4Test"/>
  <testcase name="Demo" time="0.001" classname="MavenTutorial.Demo1Test"/>
  <testcase name="SecondTest" time="0.004" classname="MavenTutorial.Demo1Test"/>
</testsuite> <!-- Test -->
